Using pre-set license
Built from '2020.3/staging' branch; Version is '2020.3.0f1 (c7b5465681fb) revision 13088070'; Using compiler version '192528614'; Build Type 'Release'
OS: 'Windows 10 Home; OS build 22000.795; Version 2009; 64bit' Language: 'en' Physical Memory: 32682 MB
BatchMode: 1, IsHumanControllingUs: 0, StartBugReporterOnCrash: 0, Is64bit: 1, IsPro: 0

 COMMAND LINE ARGUMENTS:
C:\Program Files\2020.3.0f1\Editor\Unity.exe
-adb2
-batchMode
-noUpm
-name
AssetImportWorker2
-projectPath
C:/Users/User/Desktop/DOF
-logFile
Logs/AssetImportWorker2.log
-srvPort
61968
Successfully changed project path to: C:/Users/User/Desktop/DOF
C:/Users/User/Desktop/DOF
Using Asset Import Pipeline V2.
Refreshing native plugins compatible for Editor in 58.18 ms, found 0 plugins.
Preloading 0 native plugins for Editor in 0.00 ms.
Initialize engine version: 2020.3.0f1 (c7b5465681fb)
[Subsystems] Discovering subsystems at path C:/Program Files/2020.3.0f1/Editor/Data/Resources/UnitySubsystems
[Subsystems] Discovering subsystems at path C:/Users/User/Desktop/DOF/Assets
GfxDevice: creating device client; threaded=0
Direct3D:
    Version:  Direct3D 11.0 [level 11.1]
    Renderer: NVIDIA GeForce RTX 2080 SUPER (ID=0x1e81)
    Vendor:   
    VRAM:     8010 MB
    Driver:   30.0.15.1215
Initialize mono
Mono path[0] = 'C:/Program Files/2020.3.0f1/Editor/Data/Managed'
Mono path[1] = 'C:/Program Files/2020.3.0f1/Editor/Data/MonoBleedingEdge/lib/mono/unityjit'
Mono config path = 'C:/Program Files/2020.3.0f1/Editor/Data/MonoBleedingEdge/etc'
Using monoOptions --debugger-agent=transport=dt_socket,embedding=1,server=y,suspend=n,address=127.0.0.1:56752
Begin MonoManager ReloadAssembly
Registering precompiled unity dll's ...
Register platform support module: C:/Program Files/2020.3.0f1/Editor/Data/PlaybackEngines/WebGLSupport/UnityEditor.WebGL.Extensions.dll
Register platform support module: C:/Program Files/2020.3.0f1/Editor/Data/PlaybackEngines/WindowsStandaloneSupport/UnityEditor.WindowsStandalone.Extensions.dll
Registered in 0.016700 seconds.
Native extension for WindowsStandalone target not found
Native extension for WebGL target not found
Refreshing native plugins compatible for Editor in 534.46 ms, found 0 plugins.
Preloading 0 native plugins for Editor in 0.00 ms.
Invoked RoslynAnalysisRunner static constructor.
RoslynAnalysisRunner will not be running.
RoslynAnalysisRunner has terminated.
Mono: successfully reloaded assembly
- Completed reload, in 16.357 seconds
Platform modules already initialized, skipping
Registering precompiled user dll's ...
Registered in 0.009589 seconds.
Begin MonoManager ReloadAssembly
Native extension for WindowsStandalone target not found
Native extension for WebGL target not found
Refreshing native plugins compatible for Editor in 0.83 ms, found 0 plugins.
Preloading 0 native plugins for Editor in 0.00 ms.
Invoked RoslynAnalysisRunner static constructor.
RoslynAnalysisRunner will not be running.
RoslynAnalysisRunner has terminated.
Mono: successfully reloaded assembly
- Completed reload, in  5.317 seconds
Platform modules already initialized, skipping
========================================================================
Worker process is ready to serve import requests
Launched and connected shader compiler UnityShaderCompiler.exe after 0.23 seconds
Refreshing native plugins compatible for Editor in 0.36 ms, found 0 plugins.
Preloading 0 native plugins for Editor in 0.00 ms.
Unloading 1240 Unused Serialized files (Serialized files now loaded: 0)
System memory in use before: 66.4 MB.
System memory in use after: 66.4 MB.

Unloading 10 unused Assets to reduce memory usage. Loaded Objects now: 1684.
Total: 3.859600 ms (FindLiveObjects: 0.442700 ms CreateObjectMapping: 0.066800 ms MarkObjects: 2.638400 ms  DeleteObjects: 0.710000 ms)

========================================================================
Received Import Request.
  path: Assets/WallLight.fbx
  artifactKey: Guid(9e31be8555a5ea2488bacd0589d55b54) Importer(815301076,1909f56bfc062723c751e8b465ee728b)
Start importing Assets/WallLight.fbx using Guid(9e31be8555a5ea2488bacd0589d55b54) Importer(815301076,1909f56bfc062723c751e8b465ee728b)  -> (artifact id: '381f1b649fde7d05a84627df8cbe06cd') in 0.976667 seconds
  Import took 0.985476 seconds .

========================================================================
Received Import Request.
  Time since last request: 56.052391 seconds.
  path: Assets/Mats/PurpleNeon.mat
  artifactKey: Guid(c9aa8c4555d0c564780882baaf06f6ad) Importer(815301076,1909f56bfc062723c751e8b465ee728b)
Start importing Assets/Mats/PurpleNeon.mat using Guid(c9aa8c4555d0c564780882baaf06f6ad) Importer(815301076,1909f56bfc062723c751e8b465ee728b)  -> (artifact id: '520a3e94aa3007bf7b8c97fdd40d6c10') in 0.186463 seconds
  Import took 0.192329 seconds .

========================================================================
Received Prepare
Registering precompiled user dll's ...
Registered in 0.000985 seconds.
Begin MonoManager ReloadAssembly
Native extension for WindowsStandalone target not found
Native extension for WebGL target not found
Refreshing native plugins compatible for Editor in 0.51 ms, found 0 plugins.
Preloading 0 native plugins for Editor in 0.00 ms.
Invoked RoslynAnalysisRunner static constructor.
RoslynAnalysisRunner will not be running.
RoslynAnalysisRunner has terminated.
Mono: successfully reloaded assembly
- Completed reload, in  6.475 seconds
Platform modules already initialized, skipping
Refreshing native plugins compatible for Editor in 1.29 ms, found 0 plugins.
Preloading 0 native plugins for Editor in 0.00 ms.
Unloading 1206 Unused Serialized files (Serialized files now loaded: 0)
System memory in use before: 67.6 MB.
System memory in use after: 67.6 MB.

Unloading 5 unused Assets to reduce memory usage. Loaded Objects now: 1730.
Total: 28.900800 ms (FindLiveObjects: 0.940800 ms CreateObjectMapping: 0.088300 ms MarkObjects: 27.800600 ms  DeleteObjects: 0.069400 ms)

========================================================================
Received Import Request.
  Time since last request: 294.572394 seconds.
  path: Assets/Mats/PurpleNeon.mat
  artifactKey: Guid(c9aa8c4555d0c564780882baaf06f6ad) Importer(815301076,1909f56bfc062723c751e8b465ee728b)
Start importing Assets/Mats/PurpleNeon.mat using Guid(c9aa8c4555d0c564780882baaf06f6ad) Importer(815301076,1909f56bfc062723c751e8b465ee728b)  -> (artifact id: '756bcb68f0b557b0c2e3540c711512c1') in 1.558991 seconds
  Import took 1.564712 seconds .

========================================================================
Received Prepare
Registering precompiled user dll's ...
Registered in 0.001002 seconds.
Begin MonoManager ReloadAssembly
Native extension for WindowsStandalone target not found
Native extension for WebGL target not found
Refreshing native plugins compatible for Editor in 0.58 ms, found 0 plugins.
Preloading 0 native plugins for Editor in 0.00 ms.
Invoked RoslynAnalysisRunner static constructor.
RoslynAnalysisRunner will not be running.
RoslynAnalysisRunner has terminated.
Mono: successfully reloaded assembly
- Completed reload, in  4.193 seconds
Platform modules already initialized, skipping
Refreshing native plugins compatible for Editor in 0.43 ms, found 0 plugins.
Preloading 0 native plugins for Editor in 0.00 ms.
Unloading 1206 Unused Serialized files (Serialized files now loaded: 0)
System memory in use before: 67.6 MB.
System memory in use after: 67.7 MB.

Unloading 5 unused Assets to reduce memory usage. Loaded Objects now: 1734.
Total: 3.519600 ms (FindLiveObjects: 0.228600 ms CreateObjectMapping: 0.076200 ms MarkObjects: 3.144800 ms  DeleteObjects: 0.068200 ms)

========================================================================
Received Import Request.
  Time since last request: 289.782136 seconds.
  path: Assets/New Post-processing Profile.asset
  artifactKey: Guid(f00876738d2e88041aceab99df75c825) Importer(815301076,1909f56bfc062723c751e8b465ee728b)
Start importing Assets/New Post-processing Profile.asset using Guid(f00876738d2e88041aceab99df75c825) Importer(815301076,1909f56bfc062723c751e8b465ee728b)  -> (artifact id: 'c47d687dd0f393655468659e5ce7367a') in 0.156043 seconds
  Import took 0.160589 seconds .

========================================================================
Received Import Request.
  Time since last request: 599.860606 seconds.
  path: Assets/CellingLight.fbx
  artifactKey: Guid(8d5078b7ff7c12b448f6dccc06d953c6) Importer(815301076,1909f56bfc062723c751e8b465ee728b)
Start importing Assets/CellingLight.fbx using Guid(8d5078b7ff7c12b448f6dccc06d953c6) Importer(815301076,1909f56bfc062723c751e8b465ee728b)  -> (artifact id: '49023a1b2e5f0f413667ca2b5e73ed5c') in 1.922048 seconds
  Import took 1.959331 seconds .

========================================================================
Received Prepare
Registering precompiled user dll's ...
Registered in 0.000645 seconds.
Begin MonoManager ReloadAssembly
Native extension for WindowsStandalone target not found
Native extension for WebGL target not found
Refreshing native plugins compatible for Editor in 0.36 ms, found 0 plugins.
Preloading 0 native plugins for Editor in 0.00 ms.
Invoked RoslynAnalysisRunner static constructor.
RoslynAnalysisRunner will not be running.
RoslynAnalysisRunner has terminated.
Mono: successfully reloaded assembly
- Completed reload, in  1.051 seconds
Platform modules already initialized, skipping
Refreshing native plugins compatible for Editor in 0.23 ms, found 0 plugins.
Preloading 0 native plugins for Editor in 0.00 ms.
Unloading 1206 Unused Serialized files (Serialized files now loaded: 0)
System memory in use before: 67.6 MB.
System memory in use after: 67.7 MB.

Unloading 5 unused Assets to reduce memory usage. Loaded Objects now: 1738.
Total: 1.854800 ms (FindLiveObjects: 0.243700 ms CreateObjectMapping: 0.072500 ms MarkObjects: 1.487400 ms  DeleteObjects: 0.049500 ms)

AssetImportWorkerClient::OnTransportError - code=2 error=End of file
